[35m[1mConsolidate compiler generated dependencies of target move_robot_action_client[0m
[ 50%] [32mBuilding CXX object CMakeFiles/move_robot_action_client.dir/src/move_robot_action_client.cpp.o[0m
[01m[K/home/deep/robot_action_ws/src/move_robot_client/src/move_robot_action_client.cpp:105:2:[m[K [01;31m[Kerror: [m[Kexpected â€˜[01m[K;[m[Kâ€™ after class definition
  105 | }
      |  [01;31m[K^[m[K
      |  [32m[K;[m[K
gmake[2]: *** [CMakeFiles/move_robot_action_client.dir/build.make:76ï¼šCMakeFiles/move_robot_action_client.dir/src/move_robot_action_client.cpp.o] é”™è¯¯ 1
gmake[1]: *** [CMakeFiles/Makefile2:137ï¼šCMakeFiles/move_robot_action_client.dir/all] é”™è¯¯ 2
gmake: *** [Makefile:146ï¼šall] é”™è¯¯ 2
